<?xml version="1.0" encoding="UTF-8"?>
<testsuite xmlns:xsi="http://www.w3.org/2001/XMLSchema-instance" xsi:noNamespaceSchemaLocation="https://maven.apache.org/surefire/maven-surefire-plugin/xsd/surefire-test-report-3.0.xsd" version="3.0" name="com.restapp.shop.ShopApplicationTests" time="6.419" tests="1" errors="0" skipped="0" failures="0">
  <properties>
    <property name="java.specification.version" value="17"/>
    <property name="sun.jnu.encoding" value="UTF-8"/>
    <property name="java.class.path" value="/Users/seeminvasaikar/Desktop/PracticeCode/dockerize/SpringBoot-JPA-REST/shop/target/test-classes:/Users/seeminvasaikar/Desktop/PracticeCode/dockerize/SpringBoot-JPA-REST/shop/target/classes:/Users/seeminvasaikar/.m2/repository/org/springframework/boot/spring-boot-starter-data-jpa/3.1.11/spring-boot-starter-data-jpa-3.1.11.jar:/Users/seeminvasaikar/.m2/repository/org/springframework/boot/spring-boot-starter-aop/3.1.11/spring-boot-starter-aop-3.1.11.jar:/Users/seeminvasaikar/.m2/repository/org/springframework/spring-aop/6.0.19/spring-aop-6.0.19.jar:/Users/seeminvasaikar/.m2/repository/org/aspectj/aspectjweaver/1.9.22/aspectjweaver-1.9.22.jar:/Users/seeminvasaikar/.m2/repository/org/springframework/boot/spring-boot-starter-jdbc/3.1.11/spring-boot-starter-jdbc-3.1.11.jar:/Users/seeminvasaikar/.m2/repository/com/zaxxer/HikariCP/5.0.1/HikariCP-5.0.1.jar:/Users/seeminvasaikar/.m2/repository/org/springframework/spring-jdbc/6.0.19/spring-jdbc-6.0.19.jar:/Users/seeminvasaikar/.m2/repository/org/hibernate/orm/hibernate-core/6.2.24.Final/hibernate-core-6.2.24.Final.jar:/Users/seeminvasaikar/.m2/repository/jakarta/persistence/jakarta.persistence-api/3.1.0/jakarta.persistence-api-3.1.0.jar:/Users/seeminvasaikar/.m2/repository/jakarta/transaction/jakarta.transaction-api/2.0.1/jakarta.transaction-api-2.0.1.jar:/Users/seeminvasaikar/.m2/repository/org/jboss/logging/jboss-logging/3.5.3.Final/jboss-logging-3.5.3.Final.jar:/Users/seeminvasaikar/.m2/repository/org/hibernate/common/hibernate-commons-annotations/6.0.6.Final/hibernate-commons-annotations-6.0.6.Final.jar:/Users/seeminvasaikar/.m2/repository/io/smallrye/jandex/3.0.5/jandex-3.0.5.jar:/Users/seeminvasaikar/.m2/repository/com/fasterxml/classmate/1.5.1/classmate-1.5.1.jar:/Users/seeminvasaikar/.m2/repository/net/bytebuddy/byte-buddy/1.14.13/byte-buddy-1.14.13.jar:/Users/seeminvasaikar/.m2/repository/org/glassfish/jaxb/jaxb-runtime/4.0.5/jaxb-runtime-4.0.5.jar:/Users/seeminvasaikar/.m2/repository/org/glassfish/jaxb/jaxb-core/4.0.5/jaxb-core-4.0.5.jar:/Users/seeminvasaikar/.m2/repository/org/eclipse/angus/angus-activation/2.0.2/angus-activation-2.0.2.jar:/Users/seeminvasaikar/.m2/repository/org/glassfish/jaxb/txw2/4.0.5/txw2-4.0.5.jar:/Users/seeminvasaikar/.m2/repository/com/sun/istack/istack-commons-runtime/4.1.2/istack-commons-runtime-4.1.2.jar:/Users/seeminvasaikar/.m2/repository/jakarta/inject/jakarta.inject-api/2.0.1/jakarta.inject-api-2.0.1.jar:/Users/seeminvasaikar/.m2/repository/org/antlr/antlr4-runtime/4.10.1/antlr4-runtime-4.10.1.jar:/Users/seeminvasaikar/.m2/repository/org/springframework/data/spring-data-jpa/3.1.11/spring-data-jpa-3.1.11.jar:/Users/seeminvasaikar/.m2/repository/org/springframework/data/spring-data-commons/3.1.11/spring-data-commons-3.1.11.jar:/Users/seeminvasaikar/.m2/repository/org/springframework/spring-orm/6.0.19/spring-orm-6.0.19.jar:/Users/seeminvasaikar/.m2/repository/org/springframework/spring-context/6.0.19/spring-context-6.0.19.jar:/Users/seeminvasaikar/.m2/repository/org/springframework/spring-tx/6.0.19/spring-tx-6.0.19.jar:/Users/seeminvasaikar/.m2/repository/org/springframework/spring-beans/6.0.19/spring-beans-6.0.19.jar:/Users/seeminvasaikar/.m2/repository/jakarta/annotation/jakarta.annotation-api/2.1.1/jakarta.annotation-api-2.1.1.jar:/Users/seeminvasaikar/.m2/repository/org/slf4j/slf4j-api/2.0.13/slf4j-api-2.0.13.jar:/Users/seeminvasaikar/.m2/repository/org/springframework/spring-aspects/6.0.19/spring-aspects-6.0.19.jar:/Users/seeminvasaikar/.m2/repository/org/springframework/boot/spring-boot-starter-web/3.1.11/spring-boot-starter-web-3.1.11.jar:/Users/seeminvasaikar/.m2/repository/org/springframework/boot/spring-boot-starter/3.1.11/spring-boot-starter-3.1.11.jar:/Users/seeminvasaikar/.m2/repository/org/springframework/boot/spring-boot/3.1.11/spring-boot-3.1.11.jar:/Users/seeminvasaikar/.m2/repository/org/springframework/boot/spring-boot-autoconfigure/3.1.11/spring-boot-autoconfigure-3.1.11.jar:/Users/seeminvasaikar/.m2/repository/org/springframework/boot/spring-boot-starter-logging/3.1.11/spring-boot-starter-logging-3.1.11.jar:/Users/seeminvasaikar/.m2/repository/ch/qos/logback/logback-classic/1.4.14/logback-classic-1.4.14.jar:/Users/seeminvasaikar/.m2/repository/ch/qos/logback/logback-core/1.4.14/logback-core-1.4.14.jar:/Users/seeminvasaikar/.m2/repository/org/apache/logging/log4j/log4j-to-slf4j/2.20.0/log4j-to-slf4j-2.20.0.jar:/Users/seeminvasaikar/.m2/repository/org/apache/logging/log4j/log4j-api/2.20.0/log4j-api-2.20.0.jar:/Users/seeminvasaikar/.m2/repository/org/slf4j/jul-to-slf4j/2.0.13/jul-to-slf4j-2.0.13.jar:/Users/seeminvasaikar/.m2/repository/org/yaml/snakeyaml/1.33/snakeyaml-1.33.jar:/Users/seeminvasaikar/.m2/repository/org/springframework/boot/spring-boot-starter-json/3.1.11/spring-boot-starter-json-3.1.11.jar:/Users/seeminvasaikar/.m2/repository/com/fasterxml/jackson/core/jackson-databind/2.15.4/jackson-databind-2.15.4.jar:/Users/seeminvasaikar/.m2/repository/com/fasterxml/jackson/core/jackson-annotations/2.15.4/jackson-annotations-2.15.4.jar:/Users/seeminvasaikar/.m2/repository/com/fasterxml/jackson/core/jackson-core/2.15.4/jackson-core-2.15.4.jar:/Users/seeminvasaikar/.m2/repository/com/fasterxml/jackson/datatype/jackson-datatype-jdk8/2.15.4/jackson-datatype-jdk8-2.15.4.jar:/Users/seeminvasaikar/.m2/repository/com/fasterxml/jackson/datatype/jackson-datatype-jsr310/2.15.4/jackson-datatype-jsr310-2.15.4.jar:/Users/seeminvasaikar/.m2/repository/com/fasterxml/jackson/module/jackson-module-parameter-names/2.15.4/jackson-module-parameter-names-2.15.4.jar:/Users/seeminvasaikar/.m2/repository/org/springframework/boot/spring-boot-starter-tomcat/3.1.11/spring-boot-starter-tomcat-3.1.11.jar:/Users/seeminvasaikar/.m2/repository/org/apache/tomcat/embed/tomcat-embed-core/10.1.20/tomcat-embed-core-10.1.20.jar:/Users/seeminvasaikar/.m2/repository/org/apache/tomcat/embed/tomcat-embed-el/10.1.20/tomcat-embed-el-10.1.20.jar:/Users/seeminvasaikar/.m2/repository/org/apache/tomcat/embed/tomcat-embed-websocket/10.1.20/tomcat-embed-websocket-10.1.20.jar:/Users/seeminvasaikar/.m2/repository/org/springframework/spring-web/6.0.19/spring-web-6.0.19.jar:/Users/seeminvasaikar/.m2/repository/io/micrometer/micrometer-observation/1.11.11/micrometer-observation-1.11.11.jar:/Users/seeminvasaikar/.m2/repository/io/micrometer/micrometer-commons/1.11.11/micrometer-commons-1.11.11.jar:/Users/seeminvasaikar/.m2/repository/org/springframework/spring-webmvc/6.0.19/spring-webmvc-6.0.19.jar:/Users/seeminvasaikar/.m2/repository/org/springframework/spring-expression/6.0.19/spring-expression-6.0.19.jar:/Users/seeminvasaikar/.m2/repository/com/mysql/mysql-connector-j/8.0.33/mysql-connector-j-8.0.33.jar:/Users/seeminvasaikar/.m2/repository/org/springframework/boot/spring-boot-starter-test/3.1.11/spring-boot-starter-test-3.1.11.jar:/Users/seeminvasaikar/.m2/repository/org/springframework/boot/spring-boot-test/3.1.11/spring-boot-test-3.1.11.jar:/Users/seeminvasaikar/.m2/repository/org/springframework/boot/spring-boot-test-autoconfigure/3.1.11/spring-boot-test-autoconfigure-3.1.11.jar:/Users/seeminvasaikar/.m2/repository/com/jayway/jsonpath/json-path/2.9.0/json-path-2.9.0.jar:/Users/seeminvasaikar/.m2/repository/jakarta/xml/bind/jakarta.xml.bind-api/4.0.2/jakarta.xml.bind-api-4.0.2.jar:/Users/seeminvasaikar/.m2/repository/jakarta/activation/jakarta.activation-api/2.1.3/jakarta.activation-api-2.1.3.jar:/Users/seeminvasaikar/.m2/repository/net/minidev/json-smart/2.4.11/json-smart-2.4.11.jar:/Users/seeminvasaikar/.m2/repository/net/minidev/accessors-smart/2.4.11/accessors-smart-2.4.11.jar:/Users/seeminvasaikar/.m2/repository/org/ow2/asm/asm/9.3/asm-9.3.jar:/Users/seeminvasaikar/.m2/repository/org/assertj/assertj-core/3.24.2/assertj-core-3.24.2.jar:/Users/seeminvasaikar/.m2/repository/org/hamcrest/hamcrest/2.2/hamcrest-2.2.jar:/Users/seeminvasaikar/.m2/repository/org/junit/jupiter/junit-jupiter/5.9.3/junit-jupiter-5.9.3.jar:/Users/seeminvasaikar/.m2/repository/org/junit/jupiter/junit-jupiter-api/5.9.3/junit-jupiter-api-5.9.3.jar:/Users/seeminvasaikar/.m2/repository/org/opentest4j/opentest4j/1.2.0/opentest4j-1.2.0.jar:/Users/seeminvasaikar/.m2/repository/org/junit/platform/junit-platform-commons/1.9.3/junit-platform-commons-1.9.3.jar:/Users/seeminvasaikar/.m2/repository/org/apiguardian/apiguardian-api/1.1.2/apiguardian-api-1.1.2.jar:/Users/seeminvasaikar/.m2/repository/org/junit/jupiter/junit-jupiter-params/5.9.3/junit-jupiter-params-5.9.3.jar:/Users/seeminvasaikar/.m2/repository/org/junit/jupiter/junit-jupiter-engine/5.9.3/junit-jupiter-engine-5.9.3.jar:/Users/seeminvasaikar/.m2/repository/org/junit/platform/junit-platform-engine/1.9.3/junit-platform-engine-1.9.3.jar:/Users/seeminvasaikar/.m2/repository/org/mockito/mockito-core/5.3.1/mockito-core-5.3.1.jar:/Users/seeminvasaikar/.m2/repository/net/bytebuddy/byte-buddy-agent/1.14.13/byte-buddy-agent-1.14.13.jar:/Users/seeminvasaikar/.m2/repository/org/objenesis/objenesis/3.3/objenesis-3.3.jar:/Users/seeminvasaikar/.m2/repository/org/mockito/mockito-junit-jupiter/5.3.1/mockito-junit-jupiter-5.3.1.jar:/Users/seeminvasaikar/.m2/repository/org/skyscreamer/jsonassert/1.5.1/jsonassert-1.5.1.jar:/Users/seeminvasaikar/.m2/repository/com/vaadin/external/google/android-json/0.0.20131108.vaadin1/android-json-0.0.20131108.vaadin1.jar:/Users/seeminvasaikar/.m2/repository/org/springframework/spring-core/6.0.19/spring-core-6.0.19.jar:/Users/seeminvasaikar/.m2/repository/org/springframework/spring-jcl/6.0.19/spring-jcl-6.0.19.jar:/Users/seeminvasaikar/.m2/repository/org/springframework/spring-test/6.0.19/spring-test-6.0.19.jar:/Users/seeminvasaikar/.m2/repository/org/xmlunit/xmlunit-core/2.9.1/xmlunit-core-2.9.1.jar:"/>
    <property name="java.vm.vendor" value="Oracle Corporation"/>
    <property name="sun.arch.data.model" value="64"/>
    <property name="java.vendor.url" value="https://java.oracle.com/"/>
    <property name="user.timezone" value="America/New_York"/>
    <property name="org.jboss.logging.provider" value="slf4j"/>
    <property name="os.name" value="Mac OS X"/>
    <property name="java.vm.specification.version" value="17"/>
    <property name="sun.java.launcher" value="SUN_STANDARD"/>
    <property name="user.country" value="US"/>
    <property name="sun.boot.library.path" value="/Library/Java/JavaVirtualMachines/jdk-17.jdk/Contents/Home/lib"/>
    <property name="sun.java.command" value="/Users/seeminvasaikar/Desktop/PracticeCode/dockerize/SpringBoot-JPA-REST/shop/target/surefire/surefirebooter-20240523171457965_3.jar /Users/seeminvasaikar/Desktop/PracticeCode/dockerize/SpringBoot-JPA-REST/shop/target/surefire 2024-05-23T17-14-57_511-jvmRun1 surefire-20240523171457965_1tmp surefire_0-20240523171457965_2tmp"/>
    <property name="http.nonProxyHosts" value="local|*.local|169.254/16|*.169.254/16"/>
    <property name="jdk.debug" value="release"/>
    <property name="surefire.test.class.path" value="/Users/seeminvasaikar/Desktop/PracticeCode/dockerize/SpringBoot-JPA-REST/shop/target/test-classes:/Users/seeminvasaikar/Desktop/PracticeCode/dockerize/SpringBoot-JPA-REST/shop/target/classes:/Users/seeminvasaikar/.m2/repository/org/springframework/boot/spring-boot-starter-data-jpa/3.1.11/spring-boot-starter-data-jpa-3.1.11.jar:/Users/seeminvasaikar/.m2/repository/org/springframework/boot/spring-boot-starter-aop/3.1.11/spring-boot-starter-aop-3.1.11.jar:/Users/seeminvasaikar/.m2/repository/org/springframework/spring-aop/6.0.19/spring-aop-6.0.19.jar:/Users/seeminvasaikar/.m2/repository/org/aspectj/aspectjweaver/1.9.22/aspectjweaver-1.9.22.jar:/Users/seeminvasaikar/.m2/repository/org/springframework/boot/spring-boot-starter-jdbc/3.1.11/spring-boot-starter-jdbc-3.1.11.jar:/Users/seeminvasaikar/.m2/repository/com/zaxxer/HikariCP/5.0.1/HikariCP-5.0.1.jar:/Users/seeminvasaikar/.m2/repository/org/springframework/spring-jdbc/6.0.19/spring-jdbc-6.0.19.jar:/Users/seeminvasaikar/.m2/repository/org/hibernate/orm/hibernate-core/6.2.24.Final/hibernate-core-6.2.24.Final.jar:/Users/seeminvasaikar/.m2/repository/jakarta/persistence/jakarta.persistence-api/3.1.0/jakarta.persistence-api-3.1.0.jar:/Users/seeminvasaikar/.m2/repository/jakarta/transaction/jakarta.transaction-api/2.0.1/jakarta.transaction-api-2.0.1.jar:/Users/seeminvasaikar/.m2/repository/org/jboss/logging/jboss-logging/3.5.3.Final/jboss-logging-3.5.3.Final.jar:/Users/seeminvasaikar/.m2/repository/org/hibernate/common/hibernate-commons-annotations/6.0.6.Final/hibernate-commons-annotations-6.0.6.Final.jar:/Users/seeminvasaikar/.m2/repository/io/smallrye/jandex/3.0.5/jandex-3.0.5.jar:/Users/seeminvasaikar/.m2/repository/com/fasterxml/classmate/1.5.1/classmate-1.5.1.jar:/Users/seeminvasaikar/.m2/repository/net/bytebuddy/byte-buddy/1.14.13/byte-buddy-1.14.13.jar:/Users/seeminvasaikar/.m2/repository/org/glassfish/jaxb/jaxb-runtime/4.0.5/jaxb-runtime-4.0.5.jar:/Users/seeminvasaikar/.m2/repository/org/glassfish/jaxb/jaxb-core/4.0.5/jaxb-core-4.0.5.jar:/Users/seeminvasaikar/.m2/repository/org/eclipse/angus/angus-activation/2.0.2/angus-activation-2.0.2.jar:/Users/seeminvasaikar/.m2/repository/org/glassfish/jaxb/txw2/4.0.5/txw2-4.0.5.jar:/Users/seeminvasaikar/.m2/repository/com/sun/istack/istack-commons-runtime/4.1.2/istack-commons-runtime-4.1.2.jar:/Users/seeminvasaikar/.m2/repository/jakarta/inject/jakarta.inject-api/2.0.1/jakarta.inject-api-2.0.1.jar:/Users/seeminvasaikar/.m2/repository/org/antlr/antlr4-runtime/4.10.1/antlr4-runtime-4.10.1.jar:/Users/seeminvasaikar/.m2/repository/org/springframework/data/spring-data-jpa/3.1.11/spring-data-jpa-3.1.11.jar:/Users/seeminvasaikar/.m2/repository/org/springframework/data/spring-data-commons/3.1.11/spring-data-commons-3.1.11.jar:/Users/seeminvasaikar/.m2/repository/org/springframework/spring-orm/6.0.19/spring-orm-6.0.19.jar:/Users/seeminvasaikar/.m2/repository/org/springframework/spring-context/6.0.19/spring-context-6.0.19.jar:/Users/seeminvasaikar/.m2/repository/org/springframework/spring-tx/6.0.19/spring-tx-6.0.19.jar:/Users/seeminvasaikar/.m2/repository/org/springframework/spring-beans/6.0.19/spring-beans-6.0.19.jar:/Users/seeminvasaikar/.m2/repository/jakarta/annotation/jakarta.annotation-api/2.1.1/jakarta.annotation-api-2.1.1.jar:/Users/seeminvasaikar/.m2/repository/org/slf4j/slf4j-api/2.0.13/slf4j-api-2.0.13.jar:/Users/seeminvasaikar/.m2/repository/org/springframework/spring-aspects/6.0.19/spring-aspects-6.0.19.jar:/Users/seeminvasaikar/.m2/repository/org/springframework/boot/spring-boot-starter-web/3.1.11/spring-boot-starter-web-3.1.11.jar:/Users/seeminvasaikar/.m2/repository/org/springframework/boot/spring-boot-starter/3.1.11/spring-boot-starter-3.1.11.jar:/Users/seeminvasaikar/.m2/repository/org/springframework/boot/spring-boot/3.1.11/spring-boot-3.1.11.jar:/Users/seeminvasaikar/.m2/repository/org/springframework/boot/spring-boot-autoconfigure/3.1.11/spring-boot-autoconfigure-3.1.11.jar:/Users/seeminvasaikar/.m2/repository/org/springframework/boot/spring-boot-starter-logging/3.1.11/spring-boot-starter-logging-3.1.11.jar:/Users/seeminvasaikar/.m2/repository/ch/qos/logback/logback-classic/1.4.14/logback-classic-1.4.14.jar:/Users/seeminvasaikar/.m2/repository/ch/qos/logback/logback-core/1.4.14/logback-core-1.4.14.jar:/Users/seeminvasaikar/.m2/repository/org/apache/logging/log4j/log4j-to-slf4j/2.20.0/log4j-to-slf4j-2.20.0.jar:/Users/seeminvasaikar/.m2/repository/org/apache/logging/log4j/log4j-api/2.20.0/log4j-api-2.20.0.jar:/Users/seeminvasaikar/.m2/repository/org/slf4j/jul-to-slf4j/2.0.13/jul-to-slf4j-2.0.13.jar:/Users/seeminvasaikar/.m2/repository/org/yaml/snakeyaml/1.33/snakeyaml-1.33.jar:/Users/seeminvasaikar/.m2/repository/org/springframework/boot/spring-boot-starter-json/3.1.11/spring-boot-starter-json-3.1.11.jar:/Users/seeminvasaikar/.m2/repository/com/fasterxml/jackson/core/jackson-databind/2.15.4/jackson-databind-2.15.4.jar:/Users/seeminvasaikar/.m2/repository/com/fasterxml/jackson/core/jackson-annotations/2.15.4/jackson-annotations-2.15.4.jar:/Users/seeminvasaikar/.m2/repository/com/fasterxml/jackson/core/jackson-core/2.15.4/jackson-core-2.15.4.jar:/Users/seeminvasaikar/.m2/repository/com/fasterxml/jackson/datatype/jackson-datatype-jdk8/2.15.4/jackson-datatype-jdk8-2.15.4.jar:/Users/seeminvasaikar/.m2/repository/com/fasterxml/jackson/datatype/jackson-datatype-jsr310/2.15.4/jackson-datatype-jsr310-2.15.4.jar:/Users/seeminvasaikar/.m2/repository/com/fasterxml/jackson/module/jackson-module-parameter-names/2.15.4/jackson-module-parameter-names-2.15.4.jar:/Users/seeminvasaikar/.m2/repository/org/springframework/boot/spring-boot-starter-tomcat/3.1.11/spring-boot-starter-tomcat-3.1.11.jar:/Users/seeminvasaikar/.m2/repository/org/apache/tomcat/embed/tomcat-embed-core/10.1.20/tomcat-embed-core-10.1.20.jar:/Users/seeminvasaikar/.m2/repository/org/apache/tomcat/embed/tomcat-embed-el/10.1.20/tomcat-embed-el-10.1.20.jar:/Users/seeminvasaikar/.m2/repository/org/apache/tomcat/embed/tomcat-embed-websocket/10.1.20/tomcat-embed-websocket-10.1.20.jar:/Users/seeminvasaikar/.m2/repository/org/springframework/spring-web/6.0.19/spring-web-6.0.19.jar:/Users/seeminvasaikar/.m2/repository/io/micrometer/micrometer-observation/1.11.11/micrometer-observation-1.11.11.jar:/Users/seeminvasaikar/.m2/repository/io/micrometer/micrometer-commons/1.11.11/micrometer-commons-1.11.11.jar:/Users/seeminvasaikar/.m2/repository/org/springframework/spring-webmvc/6.0.19/spring-webmvc-6.0.19.jar:/Users/seeminvasaikar/.m2/repository/org/springframework/spring-expression/6.0.19/spring-expression-6.0.19.jar:/Users/seeminvasaikar/.m2/repository/com/mysql/mysql-connector-j/8.0.33/mysql-connector-j-8.0.33.jar:/Users/seeminvasaikar/.m2/repository/org/springframework/boot/spring-boot-starter-test/3.1.11/spring-boot-starter-test-3.1.11.jar:/Users/seeminvasaikar/.m2/repository/org/springframework/boot/spring-boot-test/3.1.11/spring-boot-test-3.1.11.jar:/Users/seeminvasaikar/.m2/repository/org/springframework/boot/spring-boot-test-autoconfigure/3.1.11/spring-boot-test-autoconfigure-3.1.11.jar:/Users/seeminvasaikar/.m2/repository/com/jayway/jsonpath/json-path/2.9.0/json-path-2.9.0.jar:/Users/seeminvasaikar/.m2/repository/jakarta/xml/bind/jakarta.xml.bind-api/4.0.2/jakarta.xml.bind-api-4.0.2.jar:/Users/seeminvasaikar/.m2/repository/jakarta/activation/jakarta.activation-api/2.1.3/jakarta.activation-api-2.1.3.jar:/Users/seeminvasaikar/.m2/repository/net/minidev/json-smart/2.4.11/json-smart-2.4.11.jar:/Users/seeminvasaikar/.m2/repository/net/minidev/accessors-smart/2.4.11/accessors-smart-2.4.11.jar:/Users/seeminvasaikar/.m2/repository/org/ow2/asm/asm/9.3/asm-9.3.jar:/Users/seeminvasaikar/.m2/repository/org/assertj/assertj-core/3.24.2/assertj-core-3.24.2.jar:/Users/seeminvasaikar/.m2/repository/org/hamcrest/hamcrest/2.2/hamcrest-2.2.jar:/Users/seeminvasaikar/.m2/repository/org/junit/jupiter/junit-jupiter/5.9.3/junit-jupiter-5.9.3.jar:/Users/seeminvasaikar/.m2/repository/org/junit/jupiter/junit-jupiter-api/5.9.3/junit-jupiter-api-5.9.3.jar:/Users/seeminvasaikar/.m2/repository/org/opentest4j/opentest4j/1.2.0/opentest4j-1.2.0.jar:/Users/seeminvasaikar/.m2/repository/org/junit/platform/junit-platform-commons/1.9.3/junit-platform-commons-1.9.3.jar:/Users/seeminvasaikar/.m2/repository/org/apiguardian/apiguardian-api/1.1.2/apiguardian-api-1.1.2.jar:/Users/seeminvasaikar/.m2/repository/org/junit/jupiter/junit-jupiter-params/5.9.3/junit-jupiter-params-5.9.3.jar:/Users/seeminvasaikar/.m2/repository/org/junit/jupiter/junit-jupiter-engine/5.9.3/junit-jupiter-engine-5.9.3.jar:/Users/seeminvasaikar/.m2/repository/org/junit/platform/junit-platform-engine/1.9.3/junit-platform-engine-1.9.3.jar:/Users/seeminvasaikar/.m2/repository/org/mockito/mockito-core/5.3.1/mockito-core-5.3.1.jar:/Users/seeminvasaikar/.m2/repository/net/bytebuddy/byte-buddy-agent/1.14.13/byte-buddy-agent-1.14.13.jar:/Users/seeminvasaikar/.m2/repository/org/objenesis/objenesis/3.3/objenesis-3.3.jar:/Users/seeminvasaikar/.m2/repository/org/mockito/mockito-junit-jupiter/5.3.1/mockito-junit-jupiter-5.3.1.jar:/Users/seeminvasaikar/.m2/repository/org/skyscreamer/jsonassert/1.5.1/jsonassert-1.5.1.jar:/Users/seeminvasaikar/.m2/repository/com/vaadin/external/google/android-json/0.0.20131108.vaadin1/android-json-0.0.20131108.vaadin1.jar:/Users/seeminvasaikar/.m2/repository/org/springframework/spring-core/6.0.19/spring-core-6.0.19.jar:/Users/seeminvasaikar/.m2/repository/org/springframework/spring-jcl/6.0.19/spring-jcl-6.0.19.jar:/Users/seeminvasaikar/.m2/repository/org/springframework/spring-test/6.0.19/spring-test-6.0.19.jar:/Users/seeminvasaikar/.m2/repository/org/xmlunit/xmlunit-core/2.9.1/xmlunit-core-2.9.1.jar:"/>
    <property name="sun.cpu.endian" value="little"/>
    <property name="user.home" value="/Users/seeminvasaikar"/>
    <property name="user.language" value="en"/>
    <property name="java.specification.vendor" value="Oracle Corporation"/>
    <property name="java.version.date" value="2024-01-16"/>
    <property name="java.home" value="/Library/Java/JavaVirtualMachines/jdk-17.jdk/Contents/Home"/>
    <property name="file.separator" value="/"/>
    <property name="basedir" value="/Users/seeminvasaikar/Desktop/PracticeCode/dockerize/SpringBoot-JPA-REST/shop"/>
    <property name="java.vm.compressedOopsMode" value="Zero based"/>
    <property name="line.separator" value="&#10;"/>
    <property name="java.vm.specification.vendor" value="Oracle Corporation"/>
    <property name="java.specification.name" value="Java Platform API Specification"/>
    <property name="FILE_LOG_CHARSET" value="UTF-8"/>
    <property name="java.awt.headless" value="true"/>
    <property name="surefire.real.class.path" value="/Users/seeminvasaikar/Desktop/PracticeCode/dockerize/SpringBoot-JPA-REST/shop/target/surefire/surefirebooter-20240523171457965_3.jar"/>
    <property name="sun.management.compiler" value="HotSpot 64-Bit Tiered Compilers"/>
    <property name="ftp.nonProxyHosts" value="local|*.local|169.254/16|*.169.254/16"/>
    <property name="java.runtime.version" value="17.0.10+11-LTS-240"/>
    <property name="user.name" value="seeminvasaikar"/>
    <property name="path.separator" value=":"/>
    <property name="os.version" value="14.3.1"/>
    <property name="java.runtime.name" value="Java(TM) SE Runtime Environment"/>
    <property name="file.encoding" value="UTF-8"/>
    <property name="java.vm.name" value="Java HotSpot(TM) 64-Bit Server VM"/>
    <property name="localRepository" value="/Users/seeminvasaikar/.m2/repository"/>
    <property name="java.vendor.url.bug" value="https://bugreport.java.com/bugreport/"/>
    <property name="java.io.tmpdir" value="/var/folders/s8/49d1rttd5fl9c1_pwn7c3m8h0000gn/T/"/>
    <property name="com.zaxxer.hikari.pool_number" value="1"/>
    <property name="java.version" value="17.0.10"/>
    <property name="user.dir" value="/Users/seeminvasaikar/Desktop/PracticeCode/dockerize/SpringBoot-JPA-REST/shop"/>
    <property name="os.arch" value="aarch64"/>
    <property name="java.vm.specification.name" value="Java Virtual Machine Specification"/>
    <property name="PID" value="87730"/>
    <property name="CONSOLE_LOG_CHARSET" value="UTF-8"/>
    <property name="native.encoding" value="UTF-8"/>
    <property name="java.library.path" value="/Users/seeminvasaikar/Library/Java/Extensions:/Library/Java/Extensions:/Network/Library/Java/Extensions:/System/Library/Java/Extensions:/usr/lib/java:."/>
    <property name="java.vm.info" value="mixed mode, sharing"/>
    <property name="java.vendor" value="Oracle Corporation"/>
    <property name="java.vm.version" value="17.0.10+11-LTS-240"/>
    <property name="sun.io.unicode.encoding" value="UnicodeBig"/>
    <property name="socksNonProxyHosts" value="local|*.local|169.254/16|*.169.254/16"/>
    <property name="java.class.version" value="61.0"/>
  </properties>
  <testcase name="contextLoads" classname="com.restapp.shop.ShopApplicationTests" time="0.57">
    <system-out><![CDATA[17:14:58.714 [main] INFO org.springframework.test.context.support.AnnotationConfigContextLoaderUtils -- Could not detect default configuration classes for test class [com.restapp.shop.ShopApplicationTests]: ShopApplicationTests does not declare any static, non-private, non-final, nested classes annotated with @Configuration.
17:14:58.816 [main] INFO org.springframework.boot.test.context.SpringBootTestContextBootstrapper -- Found @SpringBootConfiguration com.restapp.shop.ShopApplication for test class com.restapp.shop.ShopApplicationTests

  .   ____          _            __ _ _
 /\\ / ___'_ __ _ _(_)_ __  __ _ \ \ \ \
( ( )\___ | '_ | '_| | '_ \/ _` | \ \ \ \
 \\/  ___)| |_)| | | | | || (_| |  ) ) ) )
  '  |____| .__|_| |_|_| |_\__, | / / / /
 =========|_|==============|___/=/_/_/_/
 :: Spring Boot ::               (v3.1.11)

2024-05-23T17:14:59.203-04:00  INFO 87730 --- [           main] com.restapp.shop.ShopApplicationTests    : Starting ShopApplicationTests using Java 17.0.10 with PID 87730 (started by seeminvasaikar in /Users/seeminvasaikar/Desktop/PracticeCode/dockerize/SpringBoot-JPA-REST/shop)
2024-05-23T17:14:59.204-04:00  INFO 87730 --- [           main] com.restapp.shop.ShopApplicationTests    : No active profile set, falling back to 1 default profile: "default"
2024-05-23T17:14:59.238-04:00 DEBUG 87730 --- [           main] o.s.w.c.s.GenericWebApplicationContext   : Refreshing org.springframework.web.context.support.GenericWebApplicationContext@74bdc168
2024-05-23T17:14:59.824-04:00  INFO 87730 --- [           main] .s.d.r.c.RepositoryConfigurationDelegate : Bootstrapping Spring Data JPA repositories in DEFAULT mode.
2024-05-23T17:14:59.898-04:00  INFO 87730 --- [           main] .s.d.r.c.RepositoryConfigurationDelegate : Finished Spring Data repository scanning in 65 ms. Found 3 JPA repository interfaces.
2024-05-23T17:15:00.772-04:00  INFO 87730 --- [           main] o.s.o.j.p.SpringPersistenceUnitInfo      : No LoadTimeWeaver setup: ignoring JPA class transformer
2024-05-23T17:15:00.795-04:00  INFO 87730 --- [           main] com.zaxxer.hikari.HikariDataSource       : HikariPool-1 - Starting...
2024-05-23T17:15:01.253-04:00  INFO 87730 --- [           main] com.zaxxer.hikari.pool.HikariPool        : HikariPool-1 - Added connection com.mysql.cj.jdbc.ConnectionImpl@239b98cb
2024-05-23T17:15:01.256-04:00  INFO 87730 --- [           main] com.zaxxer.hikari.HikariDataSource       : HikariPool-1 - Start completed.
2024-05-23T17:15:03.350-04:00  INFO 87730 --- [           main] j.LocalContainerEntityManagerFactoryBean : Initialized JPA EntityManagerFactory for persistence unit 'default'
2024-05-23T17:15:03.921-04:00  WARN 87730 --- [           main] JpaBaseConfiguration$JpaWebConfiguration : spring.jpa.open-in-view is enabled by default. Therefore, database queries may be performed during view rendering. Explicitly configure spring.jpa.open-in-view to disable this warning
2024-05-23T17:15:04.115-04:00 DEBUG 87730 --- [           main] s.w.s.m.m.a.RequestMappingHandlerAdapter : ControllerAdvice beans: 0 @ModelAttribute, 0 @InitBinder, 1 RequestBodyAdvice, 1 ResponseBodyAdvice
2024-05-23T17:15:04.244-04:00 DEBUG 87730 --- [           main] s.w.s.m.m.a.RequestMappingHandlerMapping : 9 mappings in 'requestMappingHandlerMapping'
2024-05-23T17:15:04.272-04:00 DEBUG 87730 --- [           main] o.s.w.s.handler.SimpleUrlHandlerMapping  : Patterns [/webjars/**, /**] in 'resourceHandlerMapping'
2024-05-23T17:15:04.281-04:00 DEBUG 87730 --- [           main] .m.m.a.ExceptionHandlerExceptionResolver : ControllerAdvice beans: 0 @ExceptionHandler, 1 ResponseBodyAdvice
2024-05-23T17:15:04.370-04:00  INFO 87730 --- [           main] com.restapp.shop.ShopApplicationTests    : Started ShopApplicationTests in 5.407 seconds (process running for 6.334)
]]></system-out>
  </testcase>
</testsuite>